TN:
SF:src/modules/appointments/services/CreateAppointmentService.ts
FN:15,(anonymous_18)
FN:16,CreateAppointmentService
FN:21,(anonymous_20)
FNF:3
FNH:3
FNDA:1,(anonymous_18)
FNDA:2,CreateAppointmentService
FNDA:3,(anonymous_20)
DA:1,1
DA:2,1
DA:4,1
DA:15,1
DA:18,2
DA:21,3
DA:22,3
DA:24,3
DA:28,3
DA:29,1
DA:32,2
DA:37,2
DA:39,1
DA:41,1
LF:14
LH:14
BRDA:28,0,0,1
BRDA:28,0,1,2
BRF:2
BRH:2
end_of_record
TN:
SF:src/modules/users/services/CreateSessionService.ts
FN:22,(anonymous_18)
FN:23,CreateSessionService
FN:31,(anonymous_20)
FNF:3
FNH:3
FNDA:2,(anonymous_18)
FNDA:5,CreateSessionService
FNDA:5,(anonymous_20)
DA:1,2
DA:2,2
DA:4,2
DA:5,2
DA:22,2
DA:25,5
DA:28,5
DA:31,5
DA:32,5
DA:34,5
DA:35,1
DA:38,4
DA:43,4
DA:44,1
DA:47,3
DA:49,3
DA:54,3
DA:56,2
DA:58,2
LF:19
LH:19
BRDA:32,0,0,5
BRDA:34,1,0,1
BRDA:34,1,1,4
BRDA:43,2,0,1
BRDA:43,2,1,3
BRF:5
BRH:5
end_of_record
TN:
SF:src/modules/users/services/CreateUserService.ts
FN:17,(anonymous_18)
FN:18,CreateUserService
FN:26,(anonymous_20)
FNF:3
FNH:3
FNDA:3,(anonymous_18)
FNDA:7,CreateUserService
FNDA:7,(anonymous_20)
DA:1,3
DA:3,3
DA:17,3
DA:20,7
DA:23,7
DA:26,7
DA:27,7
DA:29,7
DA:30,1
DA:33,6
DA:35,6
DA:41,6
DA:43,3
DA:45,3
LF:14
LH:14
BRDA:27,0,0,7
BRDA:29,1,0,1
BRDA:29,1,1,6
BRF:3
BRH:3
end_of_record
TN:
SF:src/modules/users/services/UploadUserAvatarService.ts
FN:15,(anonymous_18)
FN:16,UploadUserAvatarService
FN:24,(anonymous_20)
FNF:3
FNH:3
FNDA:1,(anonymous_18)
FNDA:3,UploadUserAvatarService
FNDA:4,(anonymous_20)
DA:1,1
DA:3,1
DA:15,1
DA:18,3
DA:21,3
DA:24,4
DA:25,4
DA:27,4
DA:28,1
DA:31,5
DA:32,2
DA:35,3
DA:37,3
DA:39,6
DA:41,3
DA:43,1
DA:45,1
LF:17
LH:17
BRDA:25,0,0,4
BRDA:25,0,1,3
BRDA:27,1,0,1
BRDA:27,1,1,3
BRDA:31,2,0,2
BRDA:31,2,1,1
BRF:6
BRH:6
end_of_record
